<?xml version="1.0" encoding="UTF-8"?>
<!-- Generated by org.testng.reporters.JUnitReportReporter -->
<testsuite hostname="cskpcloudwn3819" failures="0" tests="1" name="com.amazonPom.testcases.TC01_ValidateBestSeller" time="19.246" errors="0" timestamp="2021-03-30T16:03:35 PDT" skipped="0">
  <testcase classname="com.amazonPom.testcases.TC01_ValidateBestSeller" name="validateBestSeller" time="19.246"/>
  <system-out/>
</testsuite> <!-- com.amazonPom.testcases.TC01_ValidateBestSeller -->
